Arguments: 
  /usr/bin/node /usr/share/yarn/bin/yarn.js

PATH: 
  /root/.vscode-server/bin/dfd34e8260c270da74b5c2d86d61aee4b6d56977/bin/remote-cli:/usr/local/sbin:/usr/local/bin:/usr/sbin:/usr/bin:/sbin:/bin:/usr/games:/usr/local/games:/snap/bin

Yarn version: 
  1.22.18

Node version: 
  16.14.2

Platform: 
  linux x64

Trace: 
  Error: https://registry.yarnpkg.com/@project-carbon%2fcommon: Not found
      at Request.params.callback [as _callback] (/usr/share/yarn/lib/cli.js:66138:18)
      at Request.self.callback (/usr/share/yarn/lib/cli.js:140883:22)
      at Request.emit (node:events:526:28)
      at Request.<anonymous> (/usr/share/yarn/lib/cli.js:141855:10)
      at Request.emit (node:events:526:28)
      at IncomingMessage.<anonymous> (/usr/share/yarn/lib/cli.js:141777:12)
      at Object.onceWrapper (node:events:645:28)
      at IncomingMessage.emit (node:events:538:35)
      at endReadableNT (node:internal/streams/readable:1345:12)
      at processTicksAndRejections (node:internal/process/task_queues:83:21)

npm manifest: 
  {
    "name": "@project-carbon/judger",
    "version": "1.0.0",
    "description": "Project Carbon Judger",
    "author": "TeamsCode",
    "license": "UNLICENSED",
    "private": true,
    "dependencies": {
      "@project-carbon/common": "workspace:*"
    },
    "devDependencies": {
      "@types/node": "^14.11.2",
      "gts": "^3.1.0",
      "typescript": "^4.0.3"
    },
    "scripts": {
      "lint": "gts lint",
      "clean": "gts clean",
      "compile": "tsc",
      "fix": "gts fix",
      "prepare": "yarn run compile",
      "pretest": "yarn run compile",
      "posttest": "yarn run lint"
    },
    "engines": {
      "node": ">=14.0.0"
    }
  }

yarn manifest: 
  No manifest

Lockfile: 
  No lockfile
